0 verbose cli [ '/usr/bin/node', '/usr/bin/npm', 'run', 'wathc' ]
1 info using npm@7.5.2
2 info using node@v12.22.12
3 timing config:load:defaults Completed in 1ms
4 timing config:load:file:/usr/share/nodejs/npm/npmrc Completed in 1ms
5 timing config:load:builtin Completed in 1ms
6 timing config:load:cli Completed in 1ms
7 timing config:load:env Completed in 0ms
8 timing config:load:file:/var/www/.npmrc Completed in 1ms
9 timing config:load:project Completed in 1ms
10 timing config:load:file:/root/.npmrc Completed in 0ms
11 timing config:load:user Completed in 0ms
12 timing config:load:file:/etc/npmrc Completed in 0ms
13 timing config:load:global Completed in 0ms
14 timing config:load:cafile Completed in 0ms
15 timing config:load:validate Completed in 0ms
16 timing config:load:setUserAgent Completed in 0ms
17 timing config:load:setEnvs Completed in 1ms
18 timing config:load Completed in 5ms
19 verbose npm-session 2dbbf1f09cd64704
20 timing npm:load Completed in 10ms
21 timing command:run-script Completed in 8ms
22 verbose stack Error: missing script: wathc
22 verbose stack     at runScript (/usr/share/nodejs/npm/lib/run-script.js:54:11)
23 verbose cwd /var/www
24 verbose Linux 5.4.0-122-generic
25 verbose argv "/usr/bin/node" "/usr/bin/npm" "run" "wathc"
26 verbose node v12.22.12
27 verbose npm  v7.5.2
28 error missing script: wathc
29 verbose exit 1
