0 verbose cli [ '/usr/bin/node', '/usr/bin/npm', 'i' ]
1 info using npm@7.5.2
2 info using node@v12.22.12
3 timing config:load:defaults Completed in 1ms
4 timing config:load:file:/usr/share/nodejs/npm/npmrc Completed in 2ms
5 timing config:load:builtin Completed in 2ms
6 timing config:load:cli Completed in 1ms
7 timing config:load:env Completed in 0ms
8 timing config:load:file:/var/www/.npmrc Completed in 0ms
9 timing config:load:project Completed in 0ms
10 timing config:load:file:/root/.npmrc Completed in 0ms
11 timing config:load:user Completed in 0ms
12 timing config:load:file:/etc/npmrc Completed in 0ms
13 timing config:load:global Completed in 0ms
14 timing config:load:cafile Completed in 1ms
15 timing config:load:validate Completed in 0ms
16 timing config:load:setUserAgent Completed in 0ms
17 timing config:load:setEnvs Completed in 0ms
18 timing config:load Completed in 5ms
19 verbose npm-session 3a77341bdd739efe
20 timing npm:load Completed in 11ms
21 timing arborist:ctor Completed in 0ms
22 timing idealTree:init Completed in 390ms
23 timing idealTree:userRequests Completed in 0ms
24 silly idealTree buildDeps
25 silly fetch manifest camelize@^1.0.0
26 http fetch GET 200 https://registry.npmjs.org/camelize 15ms (from cache)
27 silly fetch manifest classnames@^2.2.6
28 http fetch GET 200 https://registry.npmjs.org/classnames 2ms (from cache)
29 silly fetch manifest cross-env@^5.2.0
30 http fetch GET 200 https://registry.npmjs.org/cross-env 2ms (from cache)
31 silly fetch manifest dateformat@^3.0.3
32 http fetch GET 200 https://registry.npmjs.org/dateformat 1ms (from cache)
33 silly fetch manifest flux@^3.1.3
34 http fetch GET 200 https://registry.npmjs.org/flux 1ms (from cache)
35 silly fetch manifest react@^18.2.0
36 http fetch GET 200 https://registry.npmjs.org/react 4ms (from cache)
37 silly fetch manifest react@^15.0.2 || ^16.0.0-beta || ^16.0.0
38 timing idealTree Completed in 457ms
39 timing command:install Completed in 559ms
40 verbose stack Error: unable to resolve dependency tree
40 verbose stack     at Arborist.[failPeerConflict] (/usr/share/nodejs/@npmcli/arborist/lib/arborist/build-ideal-tree.js:1115:25)
40 verbose stack     at Arborist.[loadPeerSet] (/usr/share/nodejs/@npmcli/arborist/lib/arborist/build-ideal-tree.js:1095:34)
40 verbose stack     at async Arborist.[buildDepStep] (/usr/share/nodejs/@npmcli/arborist/lib/arborist/build-ideal-tree.js:824:11)
40 verbose stack     at async Arborist.buildIdealTree (/usr/share/nodejs/@npmcli/arborist/lib/arborist/build-ideal-tree.js:209:7)
40 verbose stack     at async Promise.all (index 1)
40 verbose stack     at async Arborist.reify (/usr/share/nodejs/@npmcli/arborist/lib/arborist/reify.js:127:5)
40 verbose stack     at async install (/usr/share/nodejs/npm/lib/install.js:38:3)
41 verbose cwd /var/www
42 verbose Linux 5.4.0-122-generic
43 verbose argv "/usr/bin/node" "/usr/bin/npm" "i"
44 verbose node v12.22.12
45 verbose npm  v7.5.2
46 error code ERESOLVE
47 error ERESOLVE unable to resolve dependency tree
48 error
49 error While resolving: [1mundefined[22m@[1mundefined[22m
49 error Found: [1mreact[22m@[1m18.2.0[22m[2m[22m
49 error [2mnode_modules/react[22m
49 error   [1mreact[22m@"[1m^18.2.0[22m" from the root project
49 error
49 error Could not resolve dependency:
49 error [35mpeer[39m [1mreact[22m@"[1m^15.0.2 || ^16.0.0-beta || ^16.0.0[22m" from [1mflux[22m@[1m3.1.3[22m[2m[22m
49 error [2mnode_modules/flux[22m
49 error   [1mflux[22m@"[1m^3.1.3[22m" from the root project
49 error
49 error Fix the upstream dependency conflict, or retry
49 error this command with --force, or --legacy-peer-deps
49 error to accept an incorrect (and potentially broken) dependency resolution.
49 error
49 error See /root/.npm/eresolve-report.txt for a full report.
50 verbose exit 1
