0 verbose cli [ '/usr/bin/node', '/usr/bin/npm', 'i' ]
1 info using npm@7.5.2
2 info using node@v12.22.12
3 timing config:load:defaults Completed in 1ms
4 timing config:load:file:/usr/share/nodejs/npm/npmrc Completed in 1ms
5 timing config:load:builtin Completed in 1ms
6 timing config:load:cli Completed in 1ms
7 timing config:load:env Completed in 0ms
8 timing config:load:file:/var/www/.npmrc Completed in 0ms
9 timing config:load:project Completed in 1ms
10 timing config:load:file:/root/.npmrc Completed in 0ms
11 timing config:load:user Completed in 0ms
12 timing config:load:file:/etc/npmrc Completed in 0ms
13 timing config:load:global Completed in 0ms
14 timing config:load:cafile Completed in 0ms
15 timing config:load:validate Completed in 0ms
16 timing config:load:setUserAgent Completed in 0ms
17 timing config:load:setEnvs Completed in 1ms
18 timing config:load Completed in 5ms
19 verbose npm-session 6d336c70393bf8f2
20 timing npm:load Completed in 10ms
21 timing arborist:ctor Completed in 0ms
22 timing idealTree:init Completed in 622ms
23 timing idealTree:userRequests Completed in 0ms
24 silly idealTree buildDeps
25 silly fetch manifest laravel-mix-polyfill@3.0.0
26 http fetch GET 200 https://registry.npmjs.org/laravel-mix-polyfill 82ms (from cache)
27 silly fetch manifest laravel-mix@^5.0.1
28 timing arborist:ctor Completed in 0ms
29 http fetch GET 304 https://registry.npmjs.org/laravel-mix 504ms (from cache)
30 silly fetch manifest laravel-mix@^6.0.0
31 timing idealTree Completed in 1219ms
32 timing command:install Completed in 2103ms
33 verbose stack Error: unable to resolve dependency tree
33 verbose stack     at Arborist.[failPeerConflict] (/usr/share/nodejs/@npmcli/arborist/lib/arborist/build-ideal-tree.js:1115:25)
33 verbose stack     at Arborist.[loadPeerSet] (/usr/share/nodejs/@npmcli/arborist/lib/arborist/build-ideal-tree.js:1095:34)
33 verbose stack     at async Arborist.[buildDepStep] (/usr/share/nodejs/@npmcli/arborist/lib/arborist/build-ideal-tree.js:824:11)
33 verbose stack     at async Arborist.buildIdealTree (/usr/share/nodejs/@npmcli/arborist/lib/arborist/build-ideal-tree.js:209:7)
33 verbose stack     at async Promise.all (index 1)
33 verbose stack     at async Arborist.reify (/usr/share/nodejs/@npmcli/arborist/lib/arborist/reify.js:127:5)
33 verbose stack     at async install (/usr/share/nodejs/npm/lib/install.js:38:3)
34 verbose cwd /var/www
35 verbose Linux 5.4.0-122-generic
36 verbose argv "/usr/bin/node" "/usr/bin/npm" "i"
37 verbose node v12.22.12
38 verbose npm  v7.5.2
39 error code ERESOLVE
40 error ERESOLVE unable to resolve dependency tree
41 error
42 error While resolving: [1mundefined[22m@[1mundefined[22m
42 error Found: [1mlaravel-mix[22m@[1m5.0.9[22m[2m[22m
42 error [2mnode_modules/laravel-mix[22m
42 error   [33mdev[39m [1mlaravel-mix[22m@"[1m^5.0.1[22m" from the root project
42 error
42 error Could not resolve dependency:
42 error [35mpeer[39m [1mlaravel-mix[22m@"[1m^6.0.0[22m" from [1mlaravel-mix-polyfill[22m@[1m3.0.0[22m[2m[22m
42 error [2mnode_modules/laravel-mix-polyfill[22m
42 error   [33mdev[39m [1mlaravel-mix-polyfill[22m@"[1m3.0.0[22m" from the root project
42 error
42 error Fix the upstream dependency conflict, or retry
42 error this command with --force, or --legacy-peer-deps
42 error to accept an incorrect (and potentially broken) dependency resolution.
42 error
42 error See /root/.npm/eresolve-report.txt for a full report.
43 verbose exit 1
